<?xml version="1.0" encoding="UTF-8"?>
<!-- Generated by org.testng.reporters.JUnitXMLReporter -->
<testsuite ignored="0" hostname="LAPTOP-J5E37TJF" failures="0" tests="4" name="Default test" time="6.019" errors="0" timestamp="2023-03-02T07:36:40 IST">
  <testcase classname="test.LoginTest" name="verifyBuildTitleName" time="0.018"/>
  <testcase classname="test.LoginTest" name="verifyTitleOfLoginPage" time="0.351"/>
  <testcase classname="test.LoginTest" name="verifyCurrentUrlOfPage" time="0.01"/>
  <testcase classname="test.LoginTest" name="verifyLoginWithCorrectCredentials" time="1.835"/>
</testsuite> <!-- Default test -->
