<?xml version="1.0" encoding="UTF-8"?>
<testng-results ignored="2" total="11" passed="9" failed="0" skipped="0">
  <reporter-output>
  </reporter-output>
  <suite started-at="2023-03-02T08:06:15 IST" name="Suite" finished-at="2023-03-02T08:06:27 IST" duration-ms="12062">
    <groups>
      <group name="regression">
        <method signature="LoginTest.verifyBuildTitleName()[pri:-1, instance:test.LoginTest@895e367]" name="verifyBuildTitleName" class="test.LoginTest"/>
        <method signature="LoginTest.verifyTitleOfLoginPage()[pri:0, instance:test.LoginTest@895e367]" name="verifyTitleOfLoginPage" class="test.LoginTest"/>
        <method signature="LoginTest.verifyCurrentUrlOfPage()[pri:1, instance:test.LoginTest@895e367]" name="verifyCurrentUrlOfPage" class="test.LoginTest"/>
        <method signature="LoginTest.verifyLoginWithCorrectCredentials()[pri:2, instance:test.LoginTest@895e367]" name="verifyLoginWithCorrectCredentials" class="test.LoginTest"/>
        <method signature="PIMTest.verifyPimPageTitle()[pri:3, instance:test.PIMTest@4bf48f6]" name="verifyPimPageTitle" class="test.PIMTest"/>
        <method signature="PIMTest.verifyEmpSearchEmpId()[pri:4, instance:test.PIMTest@4bf48f6]" name="verifyEmpSearchEmpId" class="test.PIMTest"/>
        <method signature="PIMTest.TestIngChanges()[pri:5, instance:test.PIMTest@4bf48f6]" name="TestIngChanges" class="test.PIMTest"/>
        <method signature="PIMTest.TestGit1()[pri:6, instance:test.PIMTest@4bf48f6]" name="TestGit1" class="test.PIMTest"/>
        <method signature="PIMTest.TestingGitFeature()[pri:7, instance:test.PIMTest@4bf48f6]" name="TestingGitFeature" class="test.PIMTest"/>
      </group> <!-- regression -->
      <group name="smoke">
        <method signature="LoginTest.verifyBuildTitleName()[pri:-1, instance:test.LoginTest@895e367]" name="verifyBuildTitleName" class="test.LoginTest"/>
        <method signature="LoginTest.verifyTitleOfLoginPage()[pri:0, instance:test.LoginTest@895e367]" name="verifyTitleOfLoginPage" class="test.LoginTest"/>
        <method signature="LoginTest.verifyCurrentUrlOfPage()[pri:1, instance:test.LoginTest@895e367]" name="verifyCurrentUrlOfPage" class="test.LoginTest"/>
        <method signature="LoginTest.verifyLoginWithCorrectCredentials()[pri:2, instance:test.LoginTest@895e367]" name="verifyLoginWithCorrectCredentials" class="test.LoginTest"/>
        <method signature="PIMTest.verifyPimPageTitle()[pri:3, instance:test.PIMTest@4bf48f6]" name="verifyPimPageTitle" class="test.PIMTest"/>
        <method signature="PIMTest.verifyEmpSearchEmpId()[pri:4, instance:test.PIMTest@4bf48f6]" name="verifyEmpSearchEmpId" class="test.PIMTest"/>
        <method signature="PIMTest.TestIngChanges()[pri:5, instance:test.PIMTest@4bf48f6]" name="TestIngChanges" class="test.PIMTest"/>
        <method signature="PIMTest.TestGit1()[pri:6, instance:test.PIMTest@4bf48f6]" name="TestGit1" class="test.PIMTest"/>
        <method signature="PIMTest.TestingGitFeature()[pri:7, instance:test.PIMTest@4bf48f6]" name="TestingGitFeature" class="test.PIMTest"/>
      </group> <!-- smoke -->
    </groups>
    <test started-at="2023-03-02T08:06:15 IST" name="Test" finished-at="2023-03-02T08:06:27 IST" duration-ms="12062">
      <class name="test.PIMTest">
        <test-method is-config="true" signature="pageObjects()[pri:0, instance:test.PIMTest@4bf48f6]" started-at="2023-03-02T08:06:21 IST" name="pageObjects" finished-at="2023-03-02T08:06:21 IST" duration-ms="3" status="PASS">
          <reporter-output>
          </reporter-output>
        </test-method> <!-- pageObjects -->
        <test-method is-config="true" signature="login()[pri:0, instance:test.PIMTest@4bf48f6]" started-at="2023-03-02T08:06:21 IST" name="login" finished-at="2023-03-02T08:06:23 IST" duration-ms="2205" status="PASS">
          <reporter-output>
          </reporter-output>
        </test-method> <!-- login -->
        <test-method signature="verifyPimPageTitle()[pri:3, instance:test.PIMTest@4bf48f6]" started-at="2023-03-02T08:06:23 IST" name="verifyPimPageTitle" finished-at="2023-03-02T08:06:25 IST" duration-ms="1601" status="PASS">
          <reporter-output>
          </reporter-output>
        </test-method> <!-- verifyPimPageTitle -->
        <test-method signature="verifyEmpSearchEmpId()[pri:4, instance:test.PIMTest@4bf48f6]" started-at="2023-03-02T08:06:25 IST" name="verifyEmpSearchEmpId" finished-at="2023-03-02T08:06:25 IST" duration-ms="167" status="PASS">
          <reporter-output>
          </reporter-output>
        </test-method> <!-- verifyEmpSearchEmpId -->
        <test-method signature="TestIngChanges()[pri:5, instance:test.PIMTest@4bf48f6]" started-at="2023-03-02T08:06:25 IST" name="TestIngChanges" finished-at="2023-03-02T08:06:25 IST" duration-ms="2" status="PASS">
          <reporter-output>
          </reporter-output>
        </test-method> <!-- TestIngChanges -->
        <test-method signature="TestGit1()[pri:6, instance:test.PIMTest@4bf48f6]" started-at="2023-03-02T08:06:25 IST" name="TestGit1" finished-at="2023-03-02T08:06:25 IST" duration-ms="2" status="PASS">
          <reporter-output>
          </reporter-output>
        </test-method> <!-- TestGit1 -->
        <test-method signature="TestingGitFeature()[pri:7, instance:test.PIMTest@4bf48f6]" started-at="2023-03-02T08:06:25 IST" name="TestingGitFeature" finished-at="2023-03-02T08:06:25 IST" duration-ms="2" status="PASS">
          <reporter-output>
          </reporter-output>
        </test-method> <!-- TestingGitFeature -->
        <test-method is-config="true" signature="logOutUser()[pri:0, instance:test.PIMTest@4bf48f6]" started-at="2023-03-02T08:06:25 IST" name="logOutUser" finished-at="2023-03-02T08:06:27 IST" duration-ms="2198" status="PASS">
          <reporter-output>
          </reporter-output>
        </test-method> <!-- logOutUser -->
      </class> <!-- test.PIMTest -->
      <class name="test.LoginTest">
        <test-method is-config="true" signature="initBrowser()[pri:0, instance:test.LoginTest@895e367]" started-at="2023-03-02T08:05:59 IST" name="initBrowser" finished-at="2023-03-02T08:06:15 IST" duration-ms="16358" status="PASS">
          <reporter-output>
          </reporter-output>
        </test-method> <!-- initBrowser -->
        <test-method is-config="true" signature="pageObjects()[pri:0, instance:test.LoginTest@895e367]" started-at="2023-03-02T08:06:15 IST" name="pageObjects" finished-at="2023-03-02T08:06:15 IST" duration-ms="41" status="PASS">
          <reporter-output>
          </reporter-output>
        </test-method> <!-- pageObjects -->
        <test-method signature="verifyBuildTitleName()[pri:-1, instance:test.LoginTest@895e367]" started-at="2023-03-02T08:06:15 IST" name="verifyBuildTitleName" finished-at="2023-03-02T08:06:15 IST" duration-ms="29" status="PASS">
          <reporter-output>
          </reporter-output>
        </test-method> <!-- verifyBuildTitleName -->
        <test-method signature="verifyTitleOfLoginPage()[pri:0, instance:test.LoginTest@895e367]" started-at="2023-03-02T08:06:15 IST" name="verifyTitleOfLoginPage" finished-at="2023-03-02T08:06:16 IST" duration-ms="406" status="PASS">
          <reporter-output>
          </reporter-output>
        </test-method> <!-- verifyTitleOfLoginPage -->
        <test-method signature="verifyCurrentUrlOfPage()[pri:1, instance:test.LoginTest@895e367]" started-at="2023-03-02T08:06:16 IST" name="verifyCurrentUrlOfPage" finished-at="2023-03-02T08:06:16 IST" duration-ms="16" status="PASS">
          <reporter-output>
          </reporter-output>
        </test-method> <!-- verifyCurrentUrlOfPage -->
        <test-method signature="verifyLoginWithCorrectCredentials()[pri:2, instance:test.LoginTest@895e367]" started-at="2023-03-02T08:06:16 IST" name="verifyLoginWithCorrectCredentials" finished-at="2023-03-02T08:06:18 IST" duration-ms="2009" status="PASS">
          <reporter-output>
          </reporter-output>
        </test-method> <!-- verifyLoginWithCorrectCredentials -->
        <test-method is-config="true" signature="logOutUser()[pri:0, instance:test.LoginTest@895e367]" started-at="2023-03-02T08:06:18 IST" name="logOutUser" finished-at="2023-03-02T08:06:21 IST" duration-ms="3270" status="PASS">
          <reporter-output>
          </reporter-output>
        </test-method> <!-- logOutUser -->
        <test-method is-config="true" signature="logoutUser()[pri:0, instance:test.LoginTest@895e367]" started-at="2023-03-02T08:06:28 IST" name="logoutUser" finished-at="2023-03-02T08:06:28 IST" duration-ms="820" status="PASS">
          <reporter-output>
          </reporter-output>
        </test-method> <!-- logoutUser -->
      </class> <!-- test.LoginTest -->
    </test> <!-- Test -->
  </suite> <!-- Suite -->
</testng-results>
