<?xml version="1.0" encoding="UTF-8"?>
<!-- Generated by org.testng.reporters.JUnitXMLReporter -->
<testsuite ignored="2" hostname="LAPTOP-J5E37TJF" failures="0" tests="7" name="Test" time="10.653" errors="0" timestamp="2023-02-09T08:47:55 IST">
  <testcase classname="test.LoginTest" name="verifyBuildTitleName" time="0.027"/>
  <testcase classname="test.LoginTest" name="verifyTitleOfLoginPage" time="0.361"/>
  <testcase classname="test.LoginTest" name="verifyCurrentUrlOfPage" time="0.008"/>
  <testcase classname="test.LoginTest" name="verifyLoginWithCorrectCredentials" time="1.723"/>
  <testcase classname="test.PIMTest" name="verifyPimPageTitle" time="1.544"/>
  <testcase classname="test.PIMTest" name="verifyEmpSearchEmpId" time="0.161"/>
  <testcase classname="test.PIMTest" name="TestIngChanges" time="0.001"/>
  <testcase classname="test.BaseTest" name="@AfterSuite logoutUser" time="0.0">
    <ignored/>
  </testcase> <!-- @AfterSuite logoutUser -->
  <testcase classname="test.BaseTest" name="@BeforeSuite initBrowser" time="0.0">
    <ignored/>
  </testcase> <!-- @BeforeSuite initBrowser -->
</testsuite> <!-- Test -->
