<?xml version="1.0" encoding="UTF-8"?>
<!-- Generated by org.testng.reporters.JUnitXMLReporter -->
<testsuite ignored="2" hostname="LAPTOP-J5E37TJF" failures="0" tests="9" name="Test" time="12.062" errors="0" timestamp="2023-03-02T08:06:28 IST">
  <testcase classname="test.LoginTest" name="verifyBuildTitleName" time="0.029"/>
  <testcase classname="test.LoginTest" name="verifyTitleOfLoginPage" time="0.406"/>
  <testcase classname="test.LoginTest" name="verifyCurrentUrlOfPage" time="0.016"/>
  <testcase classname="test.LoginTest" name="verifyLoginWithCorrectCredentials" time="2.009"/>
  <testcase classname="test.PIMTest" name="verifyPimPageTitle" time="1.601"/>
  <testcase classname="test.PIMTest" name="verifyEmpSearchEmpId" time="0.167"/>
  <testcase classname="test.PIMTest" name="TestIngChanges" time="0.002"/>
  <testcase classname="test.PIMTest" name="TestGit1" time="0.002"/>
  <testcase classname="test.PIMTest" name="TestingGitFeature" time="0.002"/>
  <testcase classname="test.BaseTest" name="@BeforeSuite initBrowser" time="0.0">
    <ignored/>
  </testcase> <!-- @BeforeSuite initBrowser -->
  <testcase classname="test.BaseTest" name="@AfterSuite logoutUser" time="0.0">
    <ignored/>
  </testcase> <!-- @AfterSuite logoutUser -->
</testsuite> <!-- Test -->
